<?xml version="1.0" encoding="UTF-8"?>
<testng-results skipped="0" failed="0" ignored="0" total="1" passed="1">
  <reporter-output>
  </reporter-output>
  <suite name="Surefire suite" duration-ms="47251" started-at="2018-06-10T10:40:13Z" finished-at="2018-06-10T10:41:00Z">
    <groups>
    </groups>
    <test name="Surefire test" duration-ms="47251" started-at="2018-06-10T10:40:13Z" finished-at="2018-06-10T10:41:00Z">
      <class name="com.QA.Test1">
        <test-method status="PASS" signature="setup()[pri:0, instance:com.QA.Test1@7a5d012c]" name="setup" duration-ms="47191" started-at="2018-06-10T10:40:13Z" finished-at="2018-06-10T10:41:00Z">
          <reporter-output>
          </reporter-output>
        </test-method> <!-- setup -->
      </class> <!-- com.QA.Test1 -->
    </test> <!-- Surefire test -->
  </suite> <!-- Surefire suite -->
</testng-results>
