<?xml version="1.0" encoding="UTF-8"?>
<!-- Generated by org.testng.reporters.JUnitXMLReporter -->
<testsuite hostname="Amit-PC" ignored="0" name="TestWithFirefox" tests="1" failures="0" timestamp="30 Jun 2018 06:41:31 GMT" time="56.26" errors="0">
  <testcase name="@BeforeClass ParallelTestExecute" time="55.991" classname="com.QA.CrossBrowserTest">
    <failure type="org.openqa.selenium.WebDriverException" message="Failed to connect to binary FirefoxBinary(C:\Program Files (x86)\Mozilla Firefox\firefox.exe) on port 7055; process output follows: 
multiprocessCompatible&amp;quot;:false,&amp;quot;signedState&amp;quot;:0}
1530340859429	addons.xpi	DEBUG	getModTime: Recursive scan of fxdriver@googlecode.com
1530340859455	addons.xpi	DEBUG	Updating XPIState for {&amp;quot;id&amp;quot;:&amp;quot;mozilla_cc@internetdownloadmanager.com&amp;quot;,&amp;quot;syncGUID&amp;quot;:&amp;quot;zaough2VGV0U&amp;quot;,&amp;quot;location&amp;quot;:&amp;quot;winreg-app-user&amp;quot;,&amp;quot;version&amp;quot;:&amp;quot;5.0&amp;quot;,&amp;quot;type&amp;quot;:&amp;quot;extension&amp;quot;,&amp;quot;internalName&amp;quot;:null,&amp;quot;updateURL&amp;quot;:null,&amp;quot;updateKey&amp;quot;:null,&amp;quot;optionsURL&amp;quot;:null,&amp;quot;optionsType&amp;quot;:null,&amp;quot;aboutURL&amp;quot;:null,&amp;quot;iconURL&amp;quot;:null,&amp;quot;icon64URL&amp;quot;:null,&amp;quot;defaultLocale&amp;quot;:{&amp;quot;name&amp;quot;:&amp;quot;IDM CC&amp;quot;,&amp;quot;description&amp;quot;:&amp;quot;Internet Download Manager integration module for Mozilla&amp;quot;,&amp;quot;creator&amp;quot;:&amp;quot;IDM development department of Tonec Inc.&amp;quot;,&amp;quot;homepageURL&amp;quot;:null},&amp;quot;visible&amp;quot;:true,&amp;quot;active&amp;quot;:false,&amp;quot;userDisabled&amp;quot;:true,&amp;quot;appDisabled&amp;quot;:true,&amp;quot;descriptor&amp;quot;:&amp;quot;C:\\Users\\Amit\\AppData\\Roaming\\IDM\\idmmzcc2&amp;quot;,&amp;quot;installDate&amp;quot;:1463223652418,&amp;quot;updateDate&amp;quot;:1463223652418,&amp;quot;applyBackgroundUpdates&amp;quot;:1,&amp;quot;bootstrap&amp;quot;:false,&amp;quot;size&amp;quot;:127291,&amp;quot;sourceURI&amp;quot;:null,&amp;quot;releaseNotesURI&amp;quot;:null,&amp;quot;softDisabled&amp;quot;:false,&amp;quot;foreignInstall&amp;quot;:true,&amp;quot;hasBinaryComponents&amp;quot;:false,&amp;quot;strictCompatibility&amp;quot;:false,&amp;quot;locales&amp;quot;:[],&amp;quot;targetApplications&amp;quot;:[{&amp;quot;id&amp;quot;:&amp;quot;{ec8030f7-c20a-464f-9b0e-13a3a9e97384}&amp;quot;,&amp;quot;minVersion&amp;quot;:&amp;quot;0.9&amp;quot;,&amp;quot;maxVersion&amp;quot;:&amp;quot;3.9&amp;quot;},{&amp;quot;id&amp;quot;:&amp;quot;{86c18b42-e466-45a9-ae7a-9b95ba6f5640}&amp;quot;,&amp;quot;minVersion&amp;quot;:&amp;quot;1.7&amp;quot;,&amp;quot;maxVersion&amp;quot;:&amp;quot;2.9&amp;quot;},{&amp;quot;id&amp;quot;:&amp;quot;{3db10fab-e461-4c80-8b97-957ad5f8ea47}&amp;quot;,&amp;quot;minVersion&amp;quot;:&amp;quot;8.0&amp;quot;,&amp;quot;maxVersion&amp;quot;:&amp;quot;9.9&amp;quot;},{&amp;quot;id&amp;quot;:&amp;quot;{a463f10c-3994-11da-9945-000d60ca027b}&amp;quot;,&amp;quot;minVersion&amp;quot;:&amp;quot;0.4+&amp;quot;,&amp;quot;maxVersion&amp;quot;:&amp;quot;2.0+&amp;quot;}],&amp;quot;targetPlatforms&amp;quot;:[],&amp;quot;multiprocessCompatible&amp;quot;:false,&amp;quot;signedState&amp;quot;:-2}
1530340859456	addons.xpi	DEBUG	Updating XPIState for {&amp;quot;id&amp;quot;:&amp;quot;{972ce4c6-7e08-4474-a285-3208198ce6fd}&amp;quot;,&amp;quot;syncGUID&amp;quot;:&amp;quot;Ri3XyuHvjMRe&amp;quot;,&amp;quot;location&amp;quot;:&amp;quot;app-global&amp;quot;,&amp;quot;version&amp;quot;:&amp;quot;43.0.1&amp;quot;,&amp;quot;type&amp;quot;:&amp;quot;theme&amp;quot;,&amp;quot;internalName&amp;quot;:&amp;quot;classic/1.0&amp;quot;,&amp;quot;updateURL&amp;quot;:null,&amp;quot;updateKey&amp;quot;:null,&amp;quot;optionsURL&amp;quot;:null,&amp;quot;optionsType&amp;quot;:null,&amp;quot;aboutURL&amp;quot;:null,&amp;quot;iconURL&amp;quot;:null,&amp;quot;icon64URL&amp;quot;:null,&amp;quot;defaultLocale&amp;quot;:{&amp;quot;name&amp;quot;:&amp;quot;Default&amp;quot;,&amp;quot;description&amp;quot;:&amp;quot;The default theme.&amp;quot;,&amp;quot;creator&amp;quot;:&amp;quot;Mozilla&amp;quot;,&amp;quot;homepageURL&amp;quot;:null,&amp;quot;contributors&amp;quot;:[&amp;quot;Mozilla Contributors&amp;quot;]},&amp;quot;visible&amp;quot;:true,&amp;quot;active&amp;quot;:true,&amp;quot;userDisabled&amp;quot;:false,&amp;quot;appDisabled&amp;quot;:false,&amp;quot;descriptor&amp;quot;:&amp;quot;C:\\Program Files (x86)\\Mozilla Firefox\\browser\\extensions\\{972ce4c6-7e08-4474-a285-3208198ce6fd}&amp;quot;,&amp;quot;installDate&amp;quot;:1528043928562,&amp;quot;updateDate&amp;quot;:1528043928562,&amp;quot;applyBackgroundUpdates&amp;quot;:1,&amp;quot;skinnable&amp;quot;:true,&amp;quot;size&amp;quot;:24172,&amp;quot;sourceURI&amp;quot;:null,&amp;quot;releaseNotesURI&amp;quot;:null,&amp;quot;softDisabled&amp;quot;:false,&amp;quot;foreignInstall&amp;quot;:false,&amp;quot;hasBinaryComponents&amp;quot;:false,&amp;quot;strictCompatibility&amp;quot;:true,&amp;quot;locales&amp;quot;:[],&amp;quot;targetApplications&amp;quot;:[{&amp;quot;id&amp;quot;:&amp;quot;{ec8030f7-c20a-464f-9b0e-13a3a9e97384}&amp;quot;,&amp;quot;minVersion&amp;quot;:&amp;quot;43.0.1&amp;quot;,&amp;quot;maxVersion&amp;quot;:&amp;quot;43.0.1&amp;quot;}],&amp;quot;targetPlatforms&amp;quot;:[]}
1530340859457	addons.xpi	DEBUG	getModTime: Recursive scan of {972ce4c6-7e08-4474-a285-3208198ce6fd}
1530340859462	DeferredSave.extensions.json	DEBUG	Save changes
1530340859463	addons.xpi	DEBUG	Updating database with changes to installed add-ons
1530340859463	addons.xpi-utils	DEBUG	Updating add-on states
1530340859468	addons.xpi-utils	DEBUG	Writing add-ons list
1530340859794	addons.manager	DEBUG	Registering shutdown blocker for XPIProvider
1530340859795	addons.manager	DEBUG	Provider finished startup: XPIProvider
1530340859795	addons.manager	DEBUG	Starting provider: LightweightThemeManager
1530340859795	addons.manager	DEBUG	Registering shutdown blocker for LightweightThemeManager
1530340859796	addons.manager	DEBUG	Provider finished startup: LightweightThemeManager
1530340859797	addons.manager	DEBUG	Starting provider: GMPProvider
1530340859947	addons.manager	DEBUG	Registering shutdown blocker for GMPProvider
1530340859948	addons.manager	DEBUG	Provider finished startup: GMPProvider
1530340859948	addons.manager	DEBUG	Starting provider: PluginProvider
1530340859949	addons.manager	DEBUG	Registering shutdown blocker for PluginProvider
1530340859950	addons.manager	DEBUG	Provider finished startup: PluginProvider
1530340859951	addons.manager	DEBUG	Completed startup sequence
1530340880621	addons.manager	DEBUG	Starting provider: &amp;lt;unnamed-provider&amp;gt;
1530340880621	addons.manager	DEBUG	Registering shutdown blocker for &amp;lt;unnamed-provider&amp;gt;
1530340880622	addons.manager	DEBUG	Provider finished startup: &amp;lt;unnamed-provider&amp;gt;

Build info: version: &amp;apos;2.53.0&amp;apos;, revision: &amp;apos;35ae25b1534ae328c771e0856c93e187490ca824&amp;apos;, time: &amp;apos;2016-03-15 10:43:46&amp;apos;
System info: host: &amp;apos;Amit-PC&amp;apos;, ip: &amp;apos;192.168.17.1&amp;apos;, os.name: &amp;apos;Windows 7&amp;apos;, os.arch: &amp;apos;amd64&amp;apos;, os.version: &amp;apos;6.1&amp;apos;, java.version: &amp;apos;1.8.0_51&amp;apos;
Driver info: driver.version: FirefoxDriver">
      <![CDATA[org.openqa.selenium.WebDriverException: Failed to connect to binary FirefoxBinary(C:\Program Files (x86)\Mozilla Firefox\firefox.exe) on port 7055; process output follows: 
multiprocessCompatible":false,"signedState":0}
1530340859429addons.xpiDEBUGgetModTime: Recursive scan of fxdriver@googlecode.com
1530340859455addons.xpiDEBUGUpdating XPIState for {"id":"mozilla_cc@internetdownloadmanager.com","syncGUID":"zaough2VGV0U","location":"winreg-app-user","version":"5.0","type":"extension","internalName":null,"updateURL":null,"updateKey":null,"optionsURL":null,"optionsType":null,"aboutURL":null,"iconURL":null,"icon64URL":null,"defaultLocale":{"name":"IDM CC","description":"Internet Download Manager integration module for Mozilla","creator":"IDM development department of Tonec Inc.","homepageURL":null},"visible":true,"active":false,"userDisabled":true,"appDisabled":true,"descriptor":"C:\\Users\\Amit\\AppData\\Roaming\\IDM\\idmmzcc2","installDate":1463223652418,"updateDate":1463223652418,"applyBackgroundUpdates":1,"bootstrap":false,"size":127291,"sourceURI":null,"releaseNotesURI":null,"softDisabled":false,"foreignInstall":true,"hasBinaryComponents":false,"strictCompatibility":false,"locales":[],"targetApplications":[{"id":"{ec8030f7-c20a-464f-9b0e-13a3a9e97384}","minVersion":"0.9","maxVersion":"3.9"},{"id":"{86c18b42-e466-45a9-ae7a-9b95ba6f5640}","minVersion":"1.7","maxVersion":"2.9"},{"id":"{3db10fab-e461-4c80-8b97-957ad5f8ea47}","minVersion":"8.0","maxVersion":"9.9"},{"id":"{a463f10c-3994-11da-9945-000d60ca027b}","minVersion":"0.4+","maxVersion":"2.0+"}],"targetPlatforms":[],"multiprocessCompatible":false,"signedState":-2}
1530340859456addons.xpiDEBUGUpdating XPIState for {"id":"{972ce4c6-7e08-4474-a285-3208198ce6fd}","syncGUID":"Ri3XyuHvjMRe","location":"app-global","version":"43.0.1","type":"theme","internalName":"classic/1.0","updateURL":null,"updateKey":null,"optionsURL":null,"optionsType":null,"aboutURL":null,"iconURL":null,"icon64URL":null,"defaultLocale":{"name":"Default","description":"The default theme.","creator":"Mozilla","homepageURL":null,"contributors":["Mozilla Contributors"]},"visible":true,"active":true,"userDisabled":false,"appDisabled":false,"descriptor":"C:\\Program Files (x86)\\Mozilla Firefox\\browser\\extensions\\{972ce4c6-7e08-4474-a285-3208198ce6fd}","installDate":1528043928562,"updateDate":1528043928562,"applyBackgroundUpdates":1,"skinnable":true,"size":24172,"sourceURI":null,"releaseNotesURI":null,"softDisabled":false,"foreignInstall":false,"hasBinaryComponents":false,"strictCompatibility":true,"locales":[],"targetApplications":[{"id":"{ec8030f7-c20a-464f-9b0e-13a3a9e97384}","minVersion":"43.0.1","maxVersion":"43.0.1"}],"targetPlatforms":[]}
1530340859457addons.xpiDEBUGgetModTime: Recursive scan of {972ce4c6-7e08-4474-a285-3208198ce6fd}
1530340859462DeferredSave.extensions.jsonDEBUGSave changes
1530340859463addons.xpiDEBUGUpdating database with changes to installed add-ons
1530340859463addons.xpi-utilsDEBUGUpdating add-on states
1530340859468addons.xpi-utilsDEBUGWriting add-ons list
1530340859794addons.managerDEBUGRegistering shutdown blocker for XPIProvider
1530340859795addons.managerDEBUGProvider finished startup: XPIProvider
1530340859795addons.managerDEBUGStarting provider: LightweightThemeManager
1530340859795addons.managerDEBUGRegistering shutdown blocker for LightweightThemeManager
1530340859796addons.managerDEBUGProvider finished startup: LightweightThemeManager
1530340859797addons.managerDEBUGStarting provider: GMPProvider
1530340859947addons.managerDEBUGRegistering shutdown blocker for GMPProvider
1530340859948addons.managerDEBUGProvider finished startup: GMPProvider
1530340859948addons.managerDEBUGStarting provider: PluginProvider
1530340859949addons.managerDEBUGRegistering shutdown blocker for PluginProvider
1530340859950addons.managerDEBUGProvider finished startup: PluginProvider
1530340859951addons.managerDEBUGCompleted startup sequence
1530340880621addons.managerDEBUGStarting provider: <unnamed-provider>
1530340880621addons.managerDEBUGRegistering shutdown blocker for <unnamed-provider>
1530340880622addons.managerDEBUGProvider finished startup: <unnamed-provider>

Build info: version: '2.53.0', revision: '35ae25b1534ae328c771e0856c93e187490ca824', time: '2016-03-15 10:43:46'
System info: host: 'Amit-PC', ip: '192.168.17.1', os.name: 'Windows 7', os.arch: 'amd64', os.version: '6.1', java.version: '1.8.0_51'
Driver info: driver.version: FirefoxDriver
at org.openqa.selenium.firefox.internal.NewProfileExtensionConnection.start(NewProfileExtensionConnection.java:125)
at org.openqa.selenium.firefox.FirefoxDriver.startClient(FirefoxDriver.java:271)
at org.openqa.selenium.remote.RemoteWebDriver.<init>(RemoteWebDriver.java:119)
at org.openqa.selenium.firefox.FirefoxDriver.<init>(FirefoxDriver.java:216)
at org.openqa.selenium.firefox.FirefoxDriver.<init>(FirefoxDriver.java:211)
at org.openqa.selenium.firefox.FirefoxDriver.<init>(FirefoxDriver.java:207)
at org.openqa.selenium.firefox.FirefoxDriver.<init>(FirefoxDriver.java:120)
at com.QA.CrossBrowserTest.ParallelTestExecute(CrossBrowserTest.java:21)
at java.util.concurrent.FutureTask.run(FutureTask.java:266)
at java.util.concurrent.ThreadPoolExecutor.runWorker(ThreadPoolExecutor.java:1142)
at java.util.concurrent.ThreadPoolExecutor$Worker.run(ThreadPoolExecutor.java:617)
at java.lang.Thread.run(Thread.java:745)
Caused by: org.openqa.selenium.firefox.NotConnectedException: Unable to connect to host 127.0.0.1 on port 7055 after 45000 ms. Firefox console output:
multiprocessCompatible":false,"signedState":0}
1530340859429addons.xpiDEBUGgetModTime: Recursive scan of fxdriver@googlecode.com
1530340859455addons.xpiDEBUGUpdating XPIState for {"id":"mozilla_cc@internetdownloadmanager.com","syncGUID":"zaough2VGV0U","location":"winreg-app-user","version":"5.0","type":"extension","internalName":null,"updateURL":null,"updateKey":null,"optionsURL":null,"optionsType":null,"aboutURL":null,"iconURL":null,"icon64URL":null,"defaultLocale":{"name":"IDM CC","description":"Internet Download Manager integration module for Mozilla","creator":"IDM development department of Tonec Inc.","homepageURL":null},"visible":true,"active":false,"userDisabled":true,"appDisabled":true,"descriptor":"C:\\Users\\Amit\\AppData\\Roaming\\IDM\\idmmzcc2","installDate":1463223652418,"updateDate":1463223652418,"applyBackgroundUpdates":1,"bootstrap":false,"size":127291,"sourceURI":null,"releaseNotesURI":null,"softDisabled":false,"foreignInstall":true,"hasBinaryComponents":false,"strictCompatibility":false,"locales":[],"targetApplications":[{"id":"{ec8030f7-c20a-464f-9b0e-13a3a9e97384}","minVersion":"0.9","maxVersion":"3.9"},{"id":"{86c18b42-e466-45a9-ae7a-9b95ba6f5640}","minVersion":"1.7","maxVersion":"2.9"},{"id":"{3db10fab-e461-4c80-8b97-957ad5f8ea47}","minVersion":"8.0","maxVersion":"9.9"},{"id":"{a463f10c-3994-11da-9945-000d60ca027b}","minVersion":"0.4+","maxVersion":"2.0+"}],"targetPlatforms":[],"multiprocessCompatible":false,"signedState":-2}
1530340859456addons.xpiDEBUGUpdating XPIState for {"id":"{972ce4c6-7e08-4474-a285-3208198ce6fd}","syncGUID":"Ri3XyuHvjMRe","location":"app-global","version":"43.0.1","type":"theme","internalName":"classic/1.0","updateURL":null,"updateKey":null,"optionsURL":null,"optionsType":null,"aboutURL":null,"iconURL":null,"icon64URL":null,"defaultLocale":{"name":"Default","description":"The default theme.","creator":"Mozilla","homepageURL":null,"contributors":["Mozilla Contributors"]},"visible":true,"active":true,"userDisabled":false,"appDisabled":false,"descriptor":"C:\\Program Files (x86)\\Mozilla Firefox\\browser\\extensions\\{972ce4c6-7e08-4474-a285-3208198ce6fd}","installDate":1528043928562,"updateDate":1528043928562,"applyBackgroundUpdates":1,"skinnable":true,"size":24172,"sourceURI":null,"releaseNotesURI":null,"softDisabled":false,"foreignInstall":false,"hasBinaryComponents":false,"strictCompatibility":true,"locales":[],"targetApplications":[{"id":"{ec8030f7-c20a-464f-9b0e-13a3a9e97384}","minVersion":"43.0.1","maxVersion":"43.0.1"}],"targetPlatforms":[]}
1530340859457addons.xpiDEBUGgetModTime: Recursive scan of {972ce4c6-7e08-4474-a285-3208198ce6fd}
1530340859462DeferredSave.extensions.jsonDEBUGSave changes
1530340859463addons.xpiDEBUGUpdating database with changes to installed add-ons
1530340859463addons.xpi-utilsDEBUGUpdating add-on states
1530340859468addons.xpi-utilsDEBUGWriting add-ons list
1530340859794addons.managerDEBUGRegistering shutdown blocker for XPIProvider
1530340859795addons.managerDEBUGProvider finished startup: XPIProvider
1530340859795addons.managerDEBUGStarting provider: LightweightThemeManager
1530340859795addons.managerDEBUGRegistering shutdown blocker for LightweightThemeManager
1530340859796addons.managerDEBUGProvider finished startup: LightweightThemeManager
1530340859797addons.managerDEBUGStarting provider: GMPProvider
1530340859947addons.managerDEBUGRegistering shutdown blocker for GMPProvider
1530340859948addons.managerDEBUGProvider finished startup: GMPProvider
1530340859948addons.managerDEBUGStarting provider: PluginProvider
1530340859949addons.managerDEBUGRegistering shutdown blocker for PluginProvider
1530340859950addons.managerDEBUGProvider finished startup: PluginProvider
1530340859951addons.managerDEBUGCompleted startup sequence
1530340880621addons.managerDEBUGStarting provider: <unnamed-provider>
1530340880621addons.managerDEBUGRegistering shutdown blocker for <unnamed-provider>
1530340880622addons.managerDEBUGProvider finished startup: <unnamed-provider>

at org.openqa.selenium.firefox.internal.NewProfileExtensionConnection.start(NewProfileExtensionConnection.java:113)
... 28 more
... Removed 17 stack frames]]>
    </failure>
  </testcase> <!-- @BeforeClass ParallelTestExecute -->
  <testcase name="setup" time="0.0" classname="com.QA.Test1">
    <skipped/>
  </testcase> <!-- setup -->
</testsuite> <!-- TestWithFirefox -->
