<?xml version="1.0" encoding="UTF-8"?>
<testsuite xmlns:xsi="http://www.w3.org/2001/XMLSchema-instance" xsi:noNamespaceSchemaLocation="https://maven.apache.org/surefire/maven-surefire-plugin/xsd/surefire-test-report.xsd" name="TestSuite" time="61.133" tests="3" errors="0" skipped="1" failures="1">
  <properties>
[...]
</properties>
  <testcase name="ParallelTestExecute" classname="com.QA.Test1" time="40.317">
    <failure message="Failed to connect to binary FirefoxBinary(C:\Program Files (x86)\Mozilla Firefox\firefox.exe) on port 7055; process output follows: &#10;multiprocessCompatible&quot;:false,&quot;signedState&quot;:0}&#10;1530340859429	addons.xpi	DEBUG	getModTime: Recursive scan of fxdriver@googlecode.com&#10;1530340859455	addons.xpi	DEBUG	Updating XPIState for {&quot;id&quot;:&quot;mozilla_cc@internetdownloadmanager.com&quot;,&quot;syncGUID&quot;:&quot;zaough2VGV0U&quot;,&quot;location&quot;:&quot;winreg-app-user&quot;,&quot;version&quot;:&quot;5.0&quot;,&quot;type&quot;:&quot;extension&quot;,&quot;internalName&quot;:null,&quot;updateURL&quot;:null,&quot;updateKey&quot;:null,&quot;optionsURL&quot;:null,&quot;optionsType&quot;:null,&quot;aboutURL&quot;:null,&quot;iconURL&quot;:null,&quot;icon64URL&quot;:null,&quot;defaultLocale&quot;:{&quot;name&quot;:&quot;IDM CC&quot;,&quot;description&quot;:&quot;Internet Download Manager integration module for Mozilla&quot;,&quot;creator&quot;:&quot;IDM development department of Tonec Inc.&quot;,&quot;homepageURL&quot;:null},&quot;visible&quot;:true,&quot;active&quot;:false,&quot;userDisabled&quot;:true,&quot;appDisabled&quot;:true,&quot;descriptor&quot;:&quot;C:\\Users\\Amit\\AppData\\Roaming\\IDM\\idmmzcc2&quot;,&quot;installDate&quot;:1463223652418,&quot;updateDate&quot;:1463223652418,&quot;applyBackgroundUpdates&quot;:1,&quot;bootstrap&quot;:false,&quot;size&quot;:127291,&quot;sourceURI&quot;:null,&quot;releaseNotesURI&quot;:null,&quot;softDisabled&quot;:false,&quot;foreignInstall&quot;:true,&quot;hasBinaryComponents&quot;:false,&quot;strictCompatibility&quot;:false,&quot;locales&quot;:[],&quot;targetApplications&quot;:[{&quot;id&quot;:&quot;{ec8030f7-c20a-464f-9b0e-13a3a9e97384}&quot;,&quot;minVersion&quot;:&quot;0.9&quot;,&quot;maxVersion&quot;:&quot;3.9&quot;},{&quot;id&quot;:&quot;{86c18b42-e466-45a9-ae7a-9b95ba6f5640}&quot;,&quot;minVersion&quot;:&quot;1.7&quot;,&quot;maxVersion&quot;:&quot;2.9&quot;},{&quot;id&quot;:&quot;{3db10fab-e461-4c80-8b97-957ad5f8ea47}&quot;,&quot;minVersion&quot;:&quot;8.0&quot;,&quot;maxVersion&quot;:&quot;9.9&quot;},{&quot;id&quot;:&quot;{a463f10c-3994-11da-9945-000d60ca027b}&quot;,&quot;minVersion&quot;:&quot;0.4+&quot;,&quot;maxVersion&quot;:&quot;2.0+&quot;}],&quot;targetPlatforms&quot;:[],&quot;multiprocessCompatible&quot;:false,&quot;signedState&quot;:-2}&#10;1530340859456	addons.xpi	DEBUG	Updating XPIState for {&quot;id&quot;:&quot;{972ce4c6-7e08-4474-a285-3208198ce6fd}&quot;,&quot;syncGUID&quot;:&quot;Ri3XyuHvjMRe&quot;,&quot;location&quot;:&quot;app-global&quot;,&quot;version&quot;:&quot;43.0.1&quot;,&quot;type&quot;:&quot;theme&quot;,&quot;internalName&quot;:&quot;classic/1.0&quot;,&quot;updateURL&quot;:null,&quot;updateKey&quot;:null,&quot;optionsURL&quot;:null,&quot;optionsType&quot;:null,&quot;aboutURL&quot;:null,&quot;iconURL&quot;:null,&quot;icon64URL&quot;:null,&quot;defaultLocale&quot;:{&quot;name&quot;:&quot;Default&quot;,&quot;description&quot;:&quot;The default theme.&quot;,&quot;creator&quot;:&quot;Mozilla&quot;,&quot;homepageURL&quot;:null,&quot;contributors&quot;:[&quot;Mozilla Contributors&quot;]},&quot;visible&quot;:true,&quot;active&quot;:true,&quot;userDisabled&quot;:false,&quot;appDisabled&quot;:false,&quot;descriptor&quot;:&quot;C:\\Program Files (x86)\\Mozilla Firefox\\browser\\extensions\\{972ce4c6-7e08-4474-a285-3208198ce6fd}&quot;,&quot;installDate&quot;:1528043928562,&quot;updateDate&quot;:1528043928562,&quot;applyBackgroundUpdates&quot;:1,&quot;skinnable&quot;:true,&quot;size&quot;:24172,&quot;sourceURI&quot;:null,&quot;releaseNotesURI&quot;:null,&quot;softDisabled&quot;:false,&quot;foreignInstall&quot;:false,&quot;hasBinaryComponents&quot;:false,&quot;strictCompatibility&quot;:true,&quot;locales&quot;:[],&quot;targetApplications&quot;:[{&quot;id&quot;:&quot;{ec8030f7-c20a-464f-9b0e-13a3a9e97384}&quot;,&quot;minVersion&quot;:&quot;43.0.1&quot;,&quot;maxVersion&quot;:&quot;43.0.1&quot;}],&quot;targetPlatforms&quot;:[]}&#10;1530340859457	addons.xpi	DEBUG	getModTime: Recursive scan of {972ce4c6-7e08-4474-a285-3208198ce6fd}&#10;1530340859462	DeferredSave.extensions.json	DEBUG	Save changes&#10;1530340859463	addons.xpi	DEBUG	Updating database with changes to installed add-ons&#10;1530340859463	addons.xpi-utils	DEBUG	Updating add-on states&#10;1530340859468	addons.xpi-utils	DEBUG	Writing add-ons list&#10;1530340859794	addons.manager	DEBUG	Registering shutdown blocker for XPIProvider&#10;1530340859795	addons.manager	DEBUG	Provider finished startup: XPIProvider&#10;1530340859795	addons.manager	DEBUG	Starting provider: LightweightThemeManager&#10;1530340859795	addons.manager	DEBUG	Registering shutdown blocker for LightweightThemeManager&#10;1530340859796	addons.manager	DEBUG	Provider finished startup: LightweightThemeManager&#10;1530340859797	addons.manager	DEBUG	Starting provider: GMPProvider&#10;1530340859947	addons.manager	DEBUG	Registering shutdown blocker for GMPProvider&#10;1530340859948	addons.manager	DEBUG	Provider finished startup: GMPProvider&#10;1530340859948	addons.manager	DEBUG	Starting provider: PluginProvider&#10;1530340859949	addons.manager	DEBUG	Registering shutdown blocker for PluginProvider&#10;1530340859950	addons.manager	DEBUG	Provider finished startup: PluginProvider&#10;1530340859951	addons.manager	DEBUG	Completed startup sequence&#10;1530340880621	addons.manager	DEBUG	Starting provider: &lt;unnamed-provider&gt;&#10;1530340880621	addons.manager	DEBUG	Registering shutdown blocker for &lt;unnamed-provider&gt;&#10;1530340880622	addons.manager	DEBUG	Provider finished startup: &lt;unnamed-provider&gt;&#10;&#10;Build info: version: &apos;2.53.0&apos;, revision: &apos;35ae25b1534ae328c771e0856c93e187490ca824&apos;, time: &apos;2016-03-15 10:43:46&apos;&#10;System info: host: &apos;Amit-PC&apos;, ip: &apos;192.168.17.1&apos;, os.name: &apos;Windows 7&apos;, os.arch: &apos;amd64&apos;, os.version: &apos;6.1&apos;, java.version: &apos;1.8.0_51&apos;&#10;Driver info: driver.version: FirefoxDriver" type="org.openqa.selenium.WebDriverException"><![CDATA[org.openqa.selenium.WebDriverException: 
Failed to connect to binary FirefoxBinary(C:\Program Files (x86)\Mozilla Firefox\firefox.exe) on port 7055; process output follows: 
multiprocessCompatible":false,"signedState":0}
1530340859429	addons.xpi	DEBUG	getModTime: Recursive scan of fxdriver@googlecode.com
1530340859455	addons.xpi	DEBUG	Updating XPIState for {"id":"mozilla_cc@internetdownloadmanager.com","syncGUID":"zaough2VGV0U","location":"winreg-app-user","version":"5.0","type":"extension","internalName":null,"updateURL":null,"updateKey":null,"optionsURL":null,"optionsType":null,"aboutURL":null,"iconURL":null,"icon64URL":null,"defaultLocale":{"name":"IDM CC","description":"Internet Download Manager integration module for Mozilla","creator":"IDM development department of Tonec Inc.","homepageURL":null},"visible":true,"active":false,"userDisabled":true,"appDisabled":true,"descriptor":"C:\\Users\\Amit\\AppData\\Roaming\\IDM\\idmmzcc2","installDate":1463223652418,"updateDate":1463223652418,"applyBackgroundUpdates":1,"bootstrap":false,"size":127291,"sourceURI":null,"releaseNotesURI":null,"softDisabled":false,"foreignInstall":true,"hasBinaryComponents":false,"strictCompatibility":false,"locales":[],"targetApplications":[{"id":"{ec8030f7-c20a-464f-9b0e-13a3a9e97384}","minVersion":"0.9","maxVersion":"3.9"},{"id":"{86c18b42-e466-45a9-ae7a-9b95ba6f5640}","minVersion":"1.7","maxVersion":"2.9"},{"id":"{3db10fab-e461-4c80-8b97-957ad5f8ea47}","minVersion":"8.0","maxVersion":"9.9"},{"id":"{a463f10c-3994-11da-9945-000d60ca027b}","minVersion":"0.4+","maxVersion":"2.0+"}],"targetPlatforms":[],"multiprocessCompatible":false,"signedState":-2}
1530340859456	addons.xpi	DEBUG	Updating XPIState for {"id":"{972ce4c6-7e08-4474-a285-3208198ce6fd}","syncGUID":"Ri3XyuHvjMRe","location":"app-global","version":"43.0.1","type":"theme","internalName":"classic/1.0","updateURL":null,"updateKey":null,"optionsURL":null,"optionsType":null,"aboutURL":null,"iconURL":null,"icon64URL":null,"defaultLocale":{"name":"Default","description":"The default theme.","creator":"Mozilla","homepageURL":null,"contributors":["Mozilla Contributors"]},"visible":true,"active":true,"userDisabled":false,"appDisabled":false,"descriptor":"C:\\Program Files (x86)\\Mozilla Firefox\\browser\\extensions\\{972ce4c6-7e08-4474-a285-3208198ce6fd}","installDate":1528043928562,"updateDate":1528043928562,"applyBackgroundUpdates":1,"skinnable":true,"size":24172,"sourceURI":null,"releaseNotesURI":null,"softDisabled":false,"foreignInstall":false,"hasBinaryComponents":false,"strictCompatibility":true,"locales":[],"targetApplications":[{"id":"{ec8030f7-c20a-464f-9b0e-13a3a9e97384}","minVersion":"43.0.1","maxVersion":"43.0.1"}],"targetPlatforms":[]}
1530340859457	addons.xpi	DEBUG	getModTime: Recursive scan of {972ce4c6-7e08-4474-a285-3208198ce6fd}
1530340859462	DeferredSave.extensions.json	DEBUG	Save changes
1530340859463	addons.xpi	DEBUG	Updating database with changes to installed add-ons
1530340859463	addons.xpi-utils	DEBUG	Updating add-on states
1530340859468	addons.xpi-utils	DEBUG	Writing add-ons list
1530340859794	addons.manager	DEBUG	Registering shutdown blocker for XPIProvider
1530340859795	addons.manager	DEBUG	Provider finished startup: XPIProvider
1530340859795	addons.manager	DEBUG	Starting provider: LightweightThemeManager
1530340859795	addons.manager	DEBUG	Registering shutdown blocker for LightweightThemeManager
1530340859796	addons.manager	DEBUG	Provider finished startup: LightweightThemeManager
1530340859797	addons.manager	DEBUG	Starting provider: GMPProvider
1530340859947	addons.manager	DEBUG	Registering shutdown blocker for GMPProvider
1530340859948	addons.manager	DEBUG	Provider finished startup: GMPProvider
1530340859948	addons.manager	DEBUG	Starting provider: PluginProvider
1530340859949	addons.manager	DEBUG	Registering shutdown blocker for PluginProvider
1530340859950	addons.manager	DEBUG	Provider finished startup: PluginProvider
1530340859951	addons.manager	DEBUG	Completed startup sequence
1530340880621	addons.manager	DEBUG	Starting provider: <unnamed-provider>
1530340880621	addons.manager	DEBUG	Registering shutdown blocker for <unnamed-provider>
1530340880622	addons.manager	DEBUG	Provider finished startup: <unnamed-provider>

Build info: version: '2.53.0', revision: '35ae25b1534ae328c771e0856c93e187490ca824', time: '2016-03-15 10:43:46'
System info: host: 'Amit-PC', ip: '192.168.17.1', os.name: 'Windows 7', os.arch: 'amd64', os.version: '6.1', java.version: '1.8.0_51'
Driver info: driver.version: FirefoxDriver
Caused by: org.openqa.selenium.firefox.NotConnectedException: 
Unable to connect to host 127.0.0.1 on port 7055 after 45000 ms. Firefox console output:
multiprocessCompatible":false,"signedState":0}
1530340859429	addons.xpi	DEBUG	getModTime: Recursive scan of fxdriver@googlecode.com
1530340859455	addons.xpi	DEBUG	Updating XPIState for {"id":"mozilla_cc@internetdownloadmanager.com","syncGUID":"zaough2VGV0U","location":"winreg-app-user","version":"5.0","type":"extension","internalName":null,"updateURL":null,"updateKey":null,"optionsURL":null,"optionsType":null,"aboutURL":null,"iconURL":null,"icon64URL":null,"defaultLocale":{"name":"IDM CC","description":"Internet Download Manager integration module for Mozilla","creator":"IDM development department of Tonec Inc.","homepageURL":null},"visible":true,"active":false,"userDisabled":true,"appDisabled":true,"descriptor":"C:\\Users\\Amit\\AppData\\Roaming\\IDM\\idmmzcc2","installDate":1463223652418,"updateDate":1463223652418,"applyBackgroundUpdates":1,"bootstrap":false,"size":127291,"sourceURI":null,"releaseNotesURI":null,"softDisabled":false,"foreignInstall":true,"hasBinaryComponents":false,"strictCompatibility":false,"locales":[],"targetApplications":[{"id":"{ec8030f7-c20a-464f-9b0e-13a3a9e97384}","minVersion":"0.9","maxVersion":"3.9"},{"id":"{86c18b42-e466-45a9-ae7a-9b95ba6f5640}","minVersion":"1.7","maxVersion":"2.9"},{"id":"{3db10fab-e461-4c80-8b97-957ad5f8ea47}","minVersion":"8.0","maxVersion":"9.9"},{"id":"{a463f10c-3994-11da-9945-000d60ca027b}","minVersion":"0.4+","maxVersion":"2.0+"}],"targetPlatforms":[],"multiprocessCompatible":false,"signedState":-2}
1530340859456	addons.xpi	DEBUG	Updating XPIState for {"id":"{972ce4c6-7e08-4474-a285-3208198ce6fd}","syncGUID":"Ri3XyuHvjMRe","location":"app-global","version":"43.0.1","type":"theme","internalName":"classic/1.0","updateURL":null,"updateKey":null,"optionsURL":null,"optionsType":null,"aboutURL":null,"iconURL":null,"icon64URL":null,"defaultLocale":{"name":"Default","description":"The default theme.","creator":"Mozilla","homepageURL":null,"contributors":["Mozilla Contributors"]},"visible":true,"active":true,"userDisabled":false,"appDisabled":false,"descriptor":"C:\\Program Files (x86)\\Mozilla Firefox\\browser\\extensions\\{972ce4c6-7e08-4474-a285-3208198ce6fd}","installDate":1528043928562,"updateDate":1528043928562,"applyBackgroundUpdates":1,"skinnable":true,"size":24172,"sourceURI":null,"releaseNotesURI":null,"softDisabled":false,"foreignInstall":false,"hasBinaryComponents":false,"strictCompatibility":true,"locales":[],"targetApplications":[{"id":"{ec8030f7-c20a-464f-9b0e-13a3a9e97384}","minVersion":"43.0.1","maxVersion":"43.0.1"}],"targetPlatforms":[]}
1530340859457	addons.xpi	DEBUG	getModTime: Recursive scan of {972ce4c6-7e08-4474-a285-3208198ce6fd}
1530340859462	DeferredSave.extensions.json	DEBUG	Save changes
1530340859463	addons.xpi	DEBUG	Updating database with changes to installed add-ons
1530340859463	addons.xpi-utils	DEBUG	Updating add-on states
1530340859468	addons.xpi-utils	DEBUG	Writing add-ons list
1530340859794	addons.manager	DEBUG	Registering shutdown blocker for XPIProvider
1530340859795	addons.manager	DEBUG	Provider finished startup: XPIProvider
1530340859795	addons.manager	DEBUG	Starting provider: LightweightThemeManager
1530340859795	addons.manager	DEBUG	Registering shutdown blocker for LightweightThemeManager
1530340859796	addons.manager	DEBUG	Provider finished startup: LightweightThemeManager
1530340859797	addons.manager	DEBUG	Starting provider: GMPProvider
1530340859947	addons.manager	DEBUG	Registering shutdown blocker for GMPProvider
1530340859948	addons.manager	DEBUG	Provider finished startup: GMPProvider
1530340859948	addons.manager	DEBUG	Starting provider: PluginProvider
1530340859949	addons.manager	DEBUG	Registering shutdown blocker for PluginProvider
1530340859950	addons.manager	DEBUG	Provider finished startup: PluginProvider
1530340859951	addons.manager	DEBUG	Completed startup sequence
1530340880621	addons.manager	DEBUG	Starting provider: <unnamed-provider>
1530340880621	addons.manager	DEBUG	Registering shutdown blocker for <unnamed-provider>
1530340880622	addons.manager	DEBUG	Provider finished startup: <unnamed-provider>

]]></failure>
    <system-out><![CDATA[Chrome open
]]></system-out>
    <system-err><![CDATA[Starting ChromeDriver 2.37.544315 (730aa6a5fdba159ac9f4c1e8cbc59bf1b5ce12b7) on port 43765
Only local connections are allowed.
org.openqa.selenium.firefox.NotConnectedException: Unable to connect to host 127.0.0.1 on port 7055 after 45000 ms. Firefox console output:
multiprocessCompatible":false,"signedState":0}
1530340859429	addons.xpi	DEBUG	getModTime: Recursive scan of fxdriver@googlecode.com
1530340859455	addons.xpi	DEBUG	Updating XPIState for {"id":"mozilla_cc@internetdownloadmanager.com","syncGUID":"zaough2VGV0U","location":"winreg-app-user","version":"5.0","type":"extension","internalName":null,"updateURL":null,"updateKey":null,"optionsURL":null,"optionsType":null,"aboutURL":null,"iconURL":null,"icon64URL":null,"defaultLocale":{"name":"IDM CC","description":"Internet Download Manager integration module for Mozilla","creator":"IDM development department of Tonec Inc.","homepageURL":null},"visible":true,"active":false,"userDisabled":true,"appDisabled":true,"descriptor":"C:\\Users\\Amit\\AppData\\Roaming\\IDM\\idmmzcc2","installDate":1463223652418,"updateDate":1463223652418,"applyBackgroundUpdates":1,"bootstrap":false,"size":127291,"sourceURI":null,"releaseNotesURI":null,"softDisabled":false,"foreignInstall":true,"hasBinaryComponents":false,"strictCompatibility":false,"locales":[],"targetApplications":[{"id":"{ec8030f7-c20a-464f-9b0e-13a3a9e97384}","minVersion":"0.9","maxVersion":"3.9"},{"id":"{86c18b42-e466-45a9-ae7a-9b95ba6f5640}","minVersion":"1.7","maxVersion":"2.9"},{"id":"{3db10fab-e461-4c80-8b97-957ad5f8ea47}","minVersion":"8.0","maxVersion":"9.9"},{"id":"{a463f10c-3994-11da-9945-000d60ca027b}","minVersion":"0.4+","maxVersion":"2.0+"}],"targetPlatforms":[],"multiprocessCompatible":false,"signedState":-2}
1530340859456	addons.xpi	DEBUG	Updating XPIState for {"id":"{972ce4c6-7e08-4474-a285-3208198ce6fd}","syncGUID":"Ri3XyuHvjMRe","location":"app-global","version":"43.0.1","type":"theme","internalName":"classic/1.0","updateURL":null,"updateKey":null,"optionsURL":null,"optionsType":null,"aboutURL":null,"iconURL":null,"icon64URL":null,"defaultLocale":{"name":"Default","description":"The default theme.","creator":"Mozilla","homepageURL":null,"contributors":["Mozilla Contributors"]},"visible":true,"active":true,"userDisabled":false,"appDisabled":false,"descriptor":"C:\\Program Files (x86)\\Mozilla Firefox\\browser\\extensions\\{972ce4c6-7e08-4474-a285-3208198ce6fd}","installDate":1528043928562,"updateDate":1528043928562,"applyBackgroundUpdates":1,"skinnable":true,"size":24172,"sourceURI":null,"releaseNotesURI":null,"softDisabled":false,"foreignInstall":false,"hasBinaryComponents":false,"strictCompatibility":true,"locales":[],"targetApplications":[{"id":"{ec8030f7-c20a-464f-9b0e-13a3a9e97384}","minVersion":"43.0.1","maxVersion":"43.0.1"}],"targetPlatforms":[]}
1530340859457	addons.xpi	DEBUG	getModTime: Recursive scan of {972ce4c6-7e08-4474-a285-3208198ce6fd}
1530340859462	DeferredSave.extensions.json	DEBUG	Save changes
1530340859463	addons.xpi	DEBUG	Updating database with changes to installed add-ons
1530340859463	addons.xpi-utils	DEBUG	Updating add-on states
1530340859468	addons.xpi-utils	DEBUG	Writing add-ons list
1530340859794	addons.manager	DEBUG	Registering shutdown blocker for XPIProvider
1530340859795	addons.manager	DEBUG	Provider finished startup: XPIProvider
1530340859795	addons.manager	DEBUG	Starting provider: LightweightThemeManager
1530340859795	addons.manager	DEBUG	Registering shutdown blocker for LightweightThemeManager
1530340859796	addons.manager	DEBUG	Provider finished startup: LightweightThemeManager
1530340859797	addons.manager	DEBUG	Starting provider: GMPProvider
1530340859947	addons.manager	DEBUG	Registering shutdown blocker for GMPProvider
1530340859948	addons.manager	DEBUG	Provider finished startup: GMPProvider
1530340859948	addons.manager	DEBUG	Starting provider: PluginProvider
1530340859949	addons.manager	DEBUG	Registering shutdown blocker for PluginProvider
1530340859950	addons.manager	DEBUG	Provider finished startup: PluginProvider
1530340859951	addons.manager	DEBUG	Completed startup sequence
1530340880621	addons.manager	DEBUG	Starting provider: <unnamed-provider>
1530340880621	addons.manager	DEBUG	Registering shutdown blocker for <unnamed-provider>
1530340880622	addons.manager	DEBUG	Provider finished startup: <unnamed-provider>

	at org.openqa.selenium.firefox.internal.NewProfileExtensionConnection.start(NewProfileExtensionConnection.java:113)
	at org.openqa.selenium.firefox.FirefoxDriver.startClient(FirefoxDriver.java:271)
	at org.openqa.selenium.remote.RemoteWebDriver.<init>(RemoteWebDriver.java:119)
	at org.openqa.selenium.firefox.FirefoxDriver.<init>(FirefoxDriver.java:216)
	at org.openqa.selenium.firefox.FirefoxDriver.<init>(FirefoxDriver.java:211)
	at org.openqa.selenium.firefox.FirefoxDriver.<init>(FirefoxDriver.java:207)
	at org.openqa.selenium.firefox.FirefoxDriver.<init>(FirefoxDriver.java:120)
	at com.QA.CrossBrowserTest.ParallelTestExecute(CrossBrowserTest.java:21)
	at sun.reflect.NativeMethodAccessorImpl.invoke0(Native Method)
	at sun.reflect.NativeMethodAccessorImpl.invoke(NativeMethodAccessorImpl.java:62)
	at sun.reflect.DelegatingMethodAccessorImpl.invoke(DelegatingMethodAccessorImpl.java:43)
	at java.lang.reflect.Method.invoke(Method.java:497)
	at org.testng.internal.MethodInvocationHelper.invokeMethod(MethodInvocationHelper.java:124)
	at org.testng.internal.MethodInvocationHelper.invokeMethodConsideringTimeout(MethodInvocationHelper.java:59)
	at org.testng.internal.Invoker.invokeConfigurationMethod(Invoker.java:458)
	at org.testng.internal.Invoker.invokeConfigurations(Invoker.java:222)
	at org.testng.internal.Invoker.invokeConfigurations(Invoker.java:142)
	at org.testng.internal.TestMethodWorker.invokeBeforeClassMethods(TestMethodWorker.java:168)
	at org.testng.internal.TestMethodWorker.run(TestMethodWorker.java:105)
	at org.testng.TestRunner.privateRun(TestRunner.java:648)
	at org.testng.TestRunner.run(TestRunner.java:505)
	at org.testng.SuiteRunner.runTest(SuiteRunner.java:455)
	at org.testng.SuiteRunner.access$000(SuiteRunner.java:40)
	at org.testng.SuiteRunner$SuiteWorker.run(SuiteRunner.java:489)
	at org.testng.internal.thread.ThreadUtil$1.call(ThreadUtil.java:52)
	at java.util.concurrent.FutureTask.run(FutureTask.java:266)
	at java.util.concurrent.ThreadPoolExecutor.runWorker(ThreadPoolExecutor.java:1142)
	at java.util.concurrent.ThreadPoolExecutor$Worker.run(ThreadPoolExecutor.java:617)
	at java.lang.Thread.run(Thread.java:745)
]]></system-err>
  </testcase>
  <testcase name="setup" classname="com.QA.Test1" time="0">
    <skipped message="Failed to connect to binary FirefoxBinary(C:\Program Files (x86)\Mozilla Firefox\firefox.exe) on port 7055; process output follows: &#10;multiprocessCompatible&quot;:false,&quot;signedState&quot;:0}&#10;1530340859429	addons.xpi	DEBUG	getModTime: Recursive scan of fxdriver@googlecode.com&#10;1530340859455	addons.xpi	DEBUG	Updating XPIState for {&quot;id&quot;:&quot;mozilla_cc@internetdownloadmanager.com&quot;,&quot;syncGUID&quot;:&quot;zaough2VGV0U&quot;,&quot;location&quot;:&quot;winreg-app-user&quot;,&quot;version&quot;:&quot;5.0&quot;,&quot;type&quot;:&quot;extension&quot;,&quot;internalName&quot;:null,&quot;updateURL&quot;:null,&quot;updateKey&quot;:null,&quot;optionsURL&quot;:null,&quot;optionsType&quot;:null,&quot;aboutURL&quot;:null,&quot;iconURL&quot;:null,&quot;icon64URL&quot;:null,&quot;defaultLocale&quot;:{&quot;name&quot;:&quot;IDM CC&quot;,&quot;description&quot;:&quot;Internet Download Manager integration module for Mozilla&quot;,&quot;creator&quot;:&quot;IDM development department of Tonec Inc.&quot;,&quot;homepageURL&quot;:null},&quot;visible&quot;:true,&quot;active&quot;:false,&quot;userDisabled&quot;:true,&quot;appDisabled&quot;:true,&quot;descriptor&quot;:&quot;C:\\Users\\Amit\\AppData\\Roaming\\IDM\\idmmzcc2&quot;,&quot;installDate&quot;:1463223652418,&quot;updateDate&quot;:1463223652418,&quot;applyBackgroundUpdates&quot;:1,&quot;bootstrap&quot;:false,&quot;size&quot;:127291,&quot;sourceURI&quot;:null,&quot;releaseNotesURI&quot;:null,&quot;softDisabled&quot;:false,&quot;foreignInstall&quot;:true,&quot;hasBinaryComponents&quot;:false,&quot;strictCompatibility&quot;:false,&quot;locales&quot;:[],&quot;targetApplications&quot;:[{&quot;id&quot;:&quot;{ec8030f7-c20a-464f-9b0e-13a3a9e97384}&quot;,&quot;minVersion&quot;:&quot;0.9&quot;,&quot;maxVersion&quot;:&quot;3.9&quot;},{&quot;id&quot;:&quot;{86c18b42-e466-45a9-ae7a-9b95ba6f5640}&quot;,&quot;minVersion&quot;:&quot;1.7&quot;,&quot;maxVersion&quot;:&quot;2.9&quot;},{&quot;id&quot;:&quot;{3db10fab-e461-4c80-8b97-957ad5f8ea47}&quot;,&quot;minVersion&quot;:&quot;8.0&quot;,&quot;maxVersion&quot;:&quot;9.9&quot;},{&quot;id&quot;:&quot;{a463f10c-3994-11da-9945-000d60ca027b}&quot;,&quot;minVersion&quot;:&quot;0.4+&quot;,&quot;maxVersion&quot;:&quot;2.0+&quot;}],&quot;targetPlatforms&quot;:[],&quot;multiprocessCompatible&quot;:false,&quot;signedState&quot;:-2}&#10;1530340859456	addons.xpi	DEBUG	Updating XPIState for {&quot;id&quot;:&quot;{972ce4c6-7e08-4474-a285-3208198ce6fd}&quot;,&quot;syncGUID&quot;:&quot;Ri3XyuHvjMRe&quot;,&quot;location&quot;:&quot;app-global&quot;,&quot;version&quot;:&quot;43.0.1&quot;,&quot;type&quot;:&quot;theme&quot;,&quot;internalName&quot;:&quot;classic/1.0&quot;,&quot;updateURL&quot;:null,&quot;updateKey&quot;:null,&quot;optionsURL&quot;:null,&quot;optionsType&quot;:null,&quot;aboutURL&quot;:null,&quot;iconURL&quot;:null,&quot;icon64URL&quot;:null,&quot;defaultLocale&quot;:{&quot;name&quot;:&quot;Default&quot;,&quot;description&quot;:&quot;The default theme.&quot;,&quot;creator&quot;:&quot;Mozilla&quot;,&quot;homepageURL&quot;:null,&quot;contributors&quot;:[&quot;Mozilla Contributors&quot;]},&quot;visible&quot;:true,&quot;active&quot;:true,&quot;userDisabled&quot;:false,&quot;appDisabled&quot;:false,&quot;descriptor&quot;:&quot;C:\\Program Files (x86)\\Mozilla Firefox\\browser\\extensions\\{972ce4c6-7e08-4474-a285-3208198ce6fd}&quot;,&quot;installDate&quot;:1528043928562,&quot;updateDate&quot;:1528043928562,&quot;applyBackgroundUpdates&quot;:1,&quot;skinnable&quot;:true,&quot;size&quot;:24172,&quot;sourceURI&quot;:null,&quot;releaseNotesURI&quot;:null,&quot;softDisabled&quot;:false,&quot;foreignInstall&quot;:false,&quot;hasBinaryComponents&quot;:false,&quot;strictCompatibility&quot;:true,&quot;locales&quot;:[],&quot;targetApplications&quot;:[{&quot;id&quot;:&quot;{ec8030f7-c20a-464f-9b0e-13a3a9e97384}&quot;,&quot;minVersion&quot;:&quot;43.0.1&quot;,&quot;maxVersion&quot;:&quot;43.0.1&quot;}],&quot;targetPlatforms&quot;:[]}&#10;1530340859457	addons.xpi	DEBUG	getModTime: Recursive scan of {972ce4c6-7e08-4474-a285-3208198ce6fd}&#10;1530340859462	DeferredSave.extensions.json	DEBUG	Save changes&#10;1530340859463	addons.xpi	DEBUG	Updating database with changes to installed add-ons&#10;1530340859463	addons.xpi-utils	DEBUG	Updating add-on states&#10;1530340859468	addons.xpi-utils	DEBUG	Writing add-ons list&#10;1530340859794	addons.manager	DEBUG	Registering shutdown blocker for XPIProvider&#10;1530340859795	addons.manager	DEBUG	Provider finished startup: XPIProvider&#10;1530340859795	addons.manager	DEBUG	Starting provider: LightweightThemeManager&#10;1530340859795	addons.manager	DEBUG	Registering shutdown blocker for LightweightThemeManager&#10;1530340859796	addons.manager	DEBUG	Provider finished startup: LightweightThemeManager&#10;1530340859797	addons.manager	DEBUG	Starting provider: GMPProvider&#10;1530340859947	addons.manager	DEBUG	Registering shutdown blocker for GMPProvider&#10;1530340859948	addons.manager	DEBUG	Provider finished startup: GMPProvider&#10;1530340859948	addons.manager	DEBUG	Starting provider: PluginProvider&#10;1530340859949	addons.manager	DEBUG	Registering shutdown blocker for PluginProvider&#10;1530340859950	addons.manager	DEBUG	Provider finished startup: PluginProvider&#10;1530340859951	addons.manager	DEBUG	Completed startup sequence&#10;1530340880621	addons.manager	DEBUG	Starting provider: &lt;unnamed-provider&gt;&#10;1530340880621	addons.manager	DEBUG	Registering shutdown blocker for &lt;unnamed-provider&gt;&#10;1530340880622	addons.manager	DEBUG	Provider finished startup: &lt;unnamed-provider&gt;&#10;&#10;Build info: version: &apos;2.53.0&apos;, revision: &apos;35ae25b1534ae328c771e0856c93e187490ca824&apos;, time: &apos;2016-03-15 10:43:46&apos;&#10;System info: host: &apos;Amit-PC&apos;, ip: &apos;192.168.17.1&apos;, os.name: &apos;Windows 7&apos;, os.arch: &apos;amd64&apos;, os.version: &apos;6.1&apos;, java.version: &apos;1.8.0_51&apos;&#10;Driver info: driver.version: FirefoxDriver"/>
  </testcase>
  <testcase name="setup" classname="com.QA.Test1" time="40.797"/>
</testsuite>