<?xml version="1.0" encoding="UTF-8"?>
<testsuite xmlns:xsi="http://www.w3.org/2001/XMLSchema-instance" xsi:noNamespaceSchemaLocation="https://maven.apache.org/surefire/maven-surefire-plugin/xsd/surefire-test-report.xsd" name="com.QA.CrossBrowserTest" time="2.093" tests="2" errors="0" skipped="1" failures="1">
  <properties>
[...]
</properties>
  <testcase name="ParallelTestExecute" classname="com.QA.CrossBrowserTest" time="1.554">
    <failure message="&#10;Parameter &apos;Browser&apos; is required by BeforeClass on method ParallelTestExecute but has not been marked @Optional or defined&#10;" type="org.testng.TestNGException">org.testng.TestNGException: 

Parameter 'Browser' is required by BeforeClass on method ParallelTestExecute but has not been marked @Optional or defined

</failure>
  </testcase>
  <testcase name="setup" classname="com.QA.CrossBrowserTest" time="0">
    <skipped message="&#10;Parameter &apos;Browser&apos; is required by BeforeClass on method ParallelTestExecute but has not been marked @Optional or defined&#10;"/>
  </testcase>
</testsuite>