<?xml version="1.0" encoding="UTF-8"?>
<testng-results skipped="0" failed="0" ignored="0" total="1" passed="1">
  <reporter-output>
  </reporter-output>
  <suite name="Surefire suite" duration-ms="45234" started-at="2018-04-28T06:31:08Z" finished-at="2018-04-28T06:31:53Z">
    <groups>
    </groups>
    <test name="Surefire test" duration-ms="45234" started-at="2018-04-28T06:31:08Z" finished-at="2018-04-28T06:31:53Z">
      <class name="com.QA.Test1">
        <test-method status="PASS" signature="setup()[pri:0, instance:com.QA.Test1@79b4d0f]" name="setup" duration-ms="45071" started-at="2018-04-28T06:31:08Z" finished-at="2018-04-28T06:31:53Z">
          <reporter-output>
          </reporter-output>
        </test-method> <!-- setup -->
      </class> <!-- com.QA.Test1 -->
    </test> <!-- Surefire test -->
  </suite> <!-- Surefire suite -->
</testng-results>
