<?xml version="1.0" encoding="UTF-8"?>
<testng-results skipped="0" failed="0" ignored="0" total="1" passed="1">
  <reporter-output>
  </reporter-output>
  <suite name="Default suite" duration-ms="29047" started-at="2018-06-03T16:50:54Z" finished-at="2018-06-03T16:51:23Z">
    <groups>
    </groups>
    <test name="Default test" duration-ms="29047" started-at="2018-06-03T16:50:54Z" finished-at="2018-06-03T16:51:23Z">
      <class name="com.QA.Test1">
        <test-method status="PASS" signature="setup()[pri:0, instance:com.QA.Test1@26653222]" name="setup" duration-ms="28953" started-at="2018-06-03T16:50:54Z" finished-at="2018-06-03T16:51:23Z">
          <reporter-output>
          </reporter-output>
        </test-method> <!-- setup -->
      </class> <!-- com.QA.Test1 -->
    </test> <!-- Default test -->
  </suite> <!-- Default suite -->
</testng-results>
